-------------------------------------------------------------------------------
Test set: JobTest
-------------------------------------------------------------------------------
Tests run: 1, Failures: 1, Errors: 0, Skipped: 0, Time elapsed: 9.741 s <<< FAILURE! - in JobTest
testJob(JobTest)  Time elapsed: 9.692 s  <<< FAILURE!
java.lang.AssertionError: expected:<5> but was:<4>
	at JobTest.testJob(JobTest.java:29)

